<?xml version="1.0" encoding="UTF-8"?>
<!-- Generated by org.testng.reporters.JUnitXMLReporter -->
<testsuite ignored="5" hostname="Warlock" failures="0" tests="5" name="negative" time="0.14" errors="0" timestamp="2023-03-01T05:30:38 MSK">
  <testcase classname="Tests" name="fifthNegativeTest" time="0.0"/>
  <testcase classname="Tests" name="firstNegativeTest" time="0.0"/>
  <testcase classname="Tests" name="fourthNegativeTest" time="0.0"/>
  <testcase classname="Tests" name="secondNegativeTest" time="0.0"/>
  <testcase classname="Tests" name="thirdNegativeTest" time="0.0"/>
  <testcase classname="Tests" name="fifthPositiveTest" time="0.0">
    <ignored/>
  </testcase> <!-- fifthPositiveTest -->
  <testcase classname="Tests" name="thirdPositiveTest" time="0.0">
    <ignored/>
  </testcase> <!-- thirdPositiveTest -->
  <testcase classname="Tests" name="firstPositiveTest" time="0.0">
    <ignored/>
  </testcase> <!-- firstPositiveTest -->
  <testcase classname="Tests" name="secondPositiveTest" time="0.0">
    <ignored/>
  </testcase> <!-- secondPositiveTest -->
  <testcase classname="Tests" name="fourthPositiveTest" time="0.0">
    <ignored/>
  </testcase> <!-- fourthPositiveTest -->
</testsuite> <!-- negative -->
