<?xml version="1.0" encoding="UTF-8"?>
<testng-results ignored="5" total="10" passed="5" failed="0" skipped="0">
  <reporter-output>
  </reporter-output>
  <suite started-at="2023-03-01T05:30:37 MSK" name="Negative Test Suite" finished-at="2023-03-01T05:30:38 MSK" duration-ms="140">
    <groups>
      <group name="negative">
        <method signature="Tests.fifthNegativeTest()[pri:0, instance:Tests@3b6ddd1d]" name="fifthNegativeTest" class="Tests"/>
        <method signature="Tests.firstNegativeTest()[pri:0, instance:Tests@3b6ddd1d]" name="firstNegativeTest" class="Tests"/>
        <method signature="Tests.fourthNegativeTest()[pri:0, instance:Tests@3b6ddd1d]" name="fourthNegativeTest" class="Tests"/>
        <method signature="Tests.secondNegativeTest()[pri:0, instance:Tests@3b6ddd1d]" name="secondNegativeTest" class="Tests"/>
        <method signature="Tests.thirdNegativeTest()[pri:0, instance:Tests@3b6ddd1d]" name="thirdNegativeTest" class="Tests"/>
      </group> <!-- negative -->
    </groups>
    <test started-at="2023-03-01T05:30:37 MSK" name="negative" finished-at="2023-03-01T05:30:38 MSK" duration-ms="140">
      <class name="Tests">
        <test-method is-config="true" signature="readJson()[pri:0, instance:Tests@3b6ddd1d]" started-at="2023-03-01T05:30:37 MSK" name="readJson" finished-at="2023-03-01T05:30:38 MSK" duration-ms="32" status="PASS">
          <reporter-output>
          </reporter-output>
        </test-method> <!-- readJson -->
        <test-method signature="fifthNegativeTest()[pri:0, instance:Tests@3b6ddd1d]" started-at="2023-03-01T05:30:38 MSK" name="fifthNegativeTest" finished-at="2023-03-01T05:30:38 MSK" duration-ms="0" status="PASS">
          <reporter-output>
          </reporter-output>
        </test-method> <!-- fifthNegativeTest -->
        <test-method is-config="true" signature="readJson()[pri:0, instance:Tests@3b6ddd1d]" started-at="2023-03-01T05:30:38 MSK" name="readJson" finished-at="2023-03-01T05:30:38 MSK" duration-ms="0" status="PASS">
          <reporter-output>
          </reporter-output>
        </test-method> <!-- readJson -->
        <test-method signature="firstNegativeTest()[pri:0, instance:Tests@3b6ddd1d]" started-at="2023-03-01T05:30:38 MSK" name="firstNegativeTest" finished-at="2023-03-01T05:30:38 MSK" duration-ms="0" status="PASS">
          <reporter-output>
          </reporter-output>
        </test-method> <!-- firstNegativeTest -->
        <test-method is-config="true" signature="readJson()[pri:0, instance:Tests@3b6ddd1d]" started-at="2023-03-01T05:30:38 MSK" name="readJson" finished-at="2023-03-01T05:30:38 MSK" duration-ms="16" status="PASS">
          <reporter-output>
          </reporter-output>
        </test-method> <!-- readJson -->
        <test-method is-config="true" signature="readJson()[pri:0, instance:Tests@3b6ddd1d]" started-at="2023-03-01T05:30:38 MSK" name="readJson" finished-at="2023-03-01T05:30:38 MSK" duration-ms="0" status="PASS">
          <reporter-output>
          </reporter-output>
        </test-method> <!-- readJson -->
        <test-method signature="fourthNegativeTest()[pri:0, instance:Tests@3b6ddd1d]" started-at="2023-03-01T05:30:38 MSK" name="fourthNegativeTest" finished-at="2023-03-01T05:30:38 MSK" duration-ms="0" status="PASS">
          <reporter-output>
          </reporter-output>
        </test-method> <!-- fourthNegativeTest -->
        <test-method signature="secondNegativeTest()[pri:0, instance:Tests@3b6ddd1d]" started-at="2023-03-01T05:30:38 MSK" name="secondNegativeTest" finished-at="2023-03-01T05:30:38 MSK" duration-ms="0" status="PASS">
          <reporter-output>
          </reporter-output>
        </test-method> <!-- secondNegativeTest -->
        <test-method signature="thirdNegativeTest()[pri:0, instance:Tests@3b6ddd1d]" started-at="2023-03-01T05:30:38 MSK" name="thirdNegativeTest" finished-at="2023-03-01T05:30:38 MSK" duration-ms="0" status="PASS">
          <reporter-output>
          </reporter-output>
        </test-method> <!-- thirdNegativeTest -->
        <test-method is-config="true" signature="readJson()[pri:0, instance:Tests@3b6ddd1d]" started-at="2023-03-01T05:30:38 MSK" name="readJson" finished-at="2023-03-01T05:30:38 MSK" duration-ms="0" status="PASS">
          <reporter-output>
          </reporter-output>
        </test-method> <!-- readJson -->
      </class> <!-- Tests -->
    </test> <!-- negative -->
  </suite> <!-- Negative Test Suite -->
</testng-results>
